Library/Bee/Android/Prj/IL2CPP/Gradle/launcher/build/intermediates/manifest_merge_blame_file/debug/manifest-merger-blame-debug-report.txt
1<?xml version="1.0" encoding="utf-8"?>
2<manifest xmlns:android="http://schemas.android.com/apk/res/android"
3    package="com.YourCompanyName.RnQ"
4    android:installLocation="preferExternal"
5    android:versionCode="4"
6    android:versionName="0.12-04" >
7
8    <uses-sdk
9        android:minSdkVersion="33"
9-->src\main\AndroidManifest.xml
10        android:targetSdkVersion="33" />
10-->src\main\AndroidManifest.xml
11
12    <supports-screens
12-->src\main\AndroidManifest.xml:3:3-163
13        android:anyDensity="true"
13-->src\main\AndroidManifest.xml:3:135-160
14        android:largeScreens="true"
14-->src\main\AndroidManifest.xml:3:78-105
15        android:normalScreens="true"
15-->src\main\AndroidManifest.xml:3:49-77
16        android:smallScreens="true"
16-->src\main\AndroidManifest.xml:3:21-48
17        android:xlargeScreens="true" />
17-->src\main\AndroidManifest.xml:3:106-134
18
19    <uses-feature android:glEsVersion="0x00020000" />
19-->[:unityLibrary] AndroidManifest.xml:8:5-54
19-->[:unityLibrary] AndroidManifest.xml:8:19-51
20
21    <uses-permission android:name="android.permission.INTERNET" />
21-->[:unityLibrary] AndroidManifest.xml:10:5-67
21-->[:unityLibrary] AndroidManifest.xml:10:22-64
22
23    <uses-feature
23-->[:unityLibrary] AndroidManifest.xml:12:5-14:36
24        android:name="android.hardware.touchscreen"
24-->[:unityLibrary] AndroidManifest.xml:13:9-52
25        android:required="false" />
25-->[:unityLibrary] AndroidManifest.xml:14:9-33
26    <uses-feature
26-->[:unityLibrary] AndroidManifest.xml:15:5-17:36
27        android:name="android.hardware.touchscreen.multitouch"
27-->[:unityLibrary] AndroidManifest.xml:16:9-63
28        android:required="false" />
28-->[:unityLibrary] AndroidManifest.xml:17:9-33
29    <uses-feature
29-->[:unityLibrary] AndroidManifest.xml:18:5-20:36
30        android:name="android.hardware.touchscreen.multitouch.distinct"
30-->[:unityLibrary] AndroidManifest.xml:19:9-72
31        android:required="false" />
31-->[:unityLibrary] AndroidManifest.xml:20:9-33
32
33    <application
33-->src\main\AndroidManifest.xml:4:3-83
34        android:debuggable="true"
35        android:extractNativeLibs="true"
35-->[:unityLibrary] AndroidManifest.xml:22:18-50
36        android:icon="@mipmap/app_icon"
36-->src\main\AndroidManifest.xml:4:49-80
37        android:label="@string/app_name" >
37-->src\main\AndroidManifest.xml:4:16-48
38        <activity
38-->[:unityLibrary] AndroidManifest.xml:23:9-44:20
39            android:name="com.unity3d.player.UnityPlayerActivity"
39-->[:unityLibrary] AndroidManifest.xml:24:13-66
40            android:configChanges="mcc|mnc|locale|touchscreen|keyboard|keyboardHidden|navigation|orientation|screenLayout|uiMode|screenSize|smallestScreenSize|fontScale|layoutDirection|density"
40-->[:unityLibrary] AndroidManifest.xml:25:13-194
41            android:exported="true"
41-->[:unityLibrary] AndroidManifest.xml:26:13-36
42            android:hardwareAccelerated="false"
42-->[:unityLibrary] AndroidManifest.xml:27:13-48
43            android:launchMode="singleTask"
43-->[:unityLibrary] AndroidManifest.xml:28:13-44
44            android:resizeableActivity="false"
44-->[:unityLibrary] AndroidManifest.xml:29:13-47
45            android:screenOrientation="portrait"
45-->[:unityLibrary] AndroidManifest.xml:30:13-49
46            android:theme="@style/UnityThemeSelector" >
46-->[:unityLibrary] AndroidManifest.xml:31:13-54
47            <intent-filter>
47-->[:unityLibrary] AndroidManifest.xml:32:13-36:29
48                <action android:name="android.intent.action.MAIN" />
48-->[:unityLibrary] AndroidManifest.xml:33:17-69
48-->[:unityLibrary] AndroidManifest.xml:33:25-66
49
50                <category android:name="android.intent.category.LAUNCHER" />
50-->[:unityLibrary] AndroidManifest.xml:35:17-77
50-->[:unityLibrary] AndroidManifest.xml:35:27-74
51            </intent-filter>
52
53            <meta-data
53-->[:unityLibrary] AndroidManifest.xml:38:13-40:40
54                android:name="unityplayer.UnityActivity"
54-->[:unityLibrary] AndroidManifest.xml:39:17-57
55                android:value="true" />
55-->[:unityLibrary] AndroidManifest.xml:40:17-37
56            <meta-data
56-->[:unityLibrary] AndroidManifest.xml:41:13-43:40
57                android:name="android.notch_support"
57-->[:unityLibrary] AndroidManifest.xml:42:17-53
58                android:value="true" />
58-->[:unityLibrary] AndroidManifest.xml:43:17-37
59        </activity>
60
61        <meta-data
61-->[:unityLibrary] AndroidManifest.xml:46:9-48:33
62            android:name="unity.splash-mode"
62-->[:unityLibrary] AndroidManifest.xml:47:13-45
63            android:value="0" />
63-->[:unityLibrary] AndroidManifest.xml:48:13-30
64        <meta-data
64-->[:unityLibrary] AndroidManifest.xml:49:9-51:36
65            android:name="unity.splash-enable"
65-->[:unityLibrary] AndroidManifest.xml:50:13-47
66            android:value="True" />
66-->[:unityLibrary] AndroidManifest.xml:51:13-33
67        <meta-data
67-->[:unityLibrary] AndroidManifest.xml:52:9-54:36
68            android:name="unity.launch-fullscreen"
68-->[:unityLibrary] AndroidManifest.xml:53:13-51
69            android:value="True" />
69-->[:unityLibrary] AndroidManifest.xml:54:13-33
70        <meta-data
70-->[:unityLibrary] AndroidManifest.xml:55:9-57:50
71            android:name="notch.config"
71-->[:unityLibrary] AndroidManifest.xml:56:13-40
72            android:value="portrait|landscape" />
72-->[:unityLibrary] AndroidManifest.xml:57:13-47
73        <meta-data
73-->[:unityLibrary] AndroidManifest.xml:58:9-60:36
74            android:name="unity.auto-report-fully-drawn"
74-->[:unityLibrary] AndroidManifest.xml:59:13-57
75            android:value="true" />
75-->[:unityLibrary] AndroidManifest.xml:60:13-33
76    </application>
77
78</manifest>